  individual_task2.cpp
C:\Program Files\Microsoft Visual Studio\2022\Community\VC\Tools\MSVC\14.34.31933\include\xmemory(680,47): error C2280: 'Guest::Guest(const Guest &)': attempting to reference a deleted function
C:\github\Full-featured-testing-system\individual_task2\individual_task2.cpp(321,1): message : compiler has generated 'Guest::Guest' here
C:\github\Full-featured-testing-system\individual_task2\individual_task2.cpp(321,1): message : 'Guest::Guest(const Guest &)': function was implicitly deleted because 'Guest' has a user-defined move constructor
C:\Program Files\Microsoft Visual Studio\2022\Community\VC\Tools\MSVC\14.34.31933\include\vector(852,1): message : see reference to function template instantiation 'void std::_Default_allocator_traits<_Alloc>::construct<_Ty,const _Ty&>(_Alloc &,_Objty *const ,const _Ty &)' being compiled
          with
          [
              _Alloc=std::allocator<Guest>,
              _Ty=Guest,
              _Objty=Guest
          ]
C:\Program Files\Microsoft Visual Studio\2022\Community\VC\Tools\MSVC\14.34.31933\include\vector(863,36): message : see reference to function template instantiation 'void std::_Default_allocator_traits<_Alloc>::construct<_Ty,const _Ty&>(_Alloc &,_Objty *const ,const _Ty &)' being compiled
          with
          [
              _Alloc=std::allocator<Guest>,
              _Ty=Guest,
              _Objty=Guest
          ]
C:\Program Files\Microsoft Visual Studio\2022\Community\VC\Tools\MSVC\14.34.31933\include\vector(839,1): message : see reference to function template instantiation '_Ty &std::vector<_Ty,std::allocator<_Ty>>::_Emplace_back_with_unused_capacity<const _Ty&>(const _Ty &)' being compiled
          with
          [
              _Ty=Guest
          ]
C:\Program Files\Microsoft Visual Studio\2022\Community\VC\Tools\MSVC\14.34.31933\include\vector(845,13): message : see reference to function template instantiation '_Ty &std::vector<_Ty,std::allocator<_Ty>>::_Emplace_back_with_unused_capacity<const _Ty&>(const _Ty &)' being compiled
          with
          [
              _Ty=Guest
          ]
C:\Program Files\Microsoft Visual Studio\2022\Community\VC\Tools\MSVC\14.34.31933\include\vector(936,1): message : see reference to function template instantiation '_Ty &std::vector<_Ty,std::allocator<_Ty>>::_Emplace_one_at_back<const _Ty&>(const _Ty &)' being compiled
          with
          [
              _Ty=Guest
          ]
C:\Program Files\Microsoft Visual Studio\2022\Community\VC\Tools\MSVC\14.34.31933\include\vector(936,29): message : see reference to function template instantiation '_Ty &std::vector<_Ty,std::allocator<_Ty>>::_Emplace_one_at_back<const _Ty&>(const _Ty &)' being compiled
          with
          [
              _Ty=Guest
          ]
C:\Program Files\Microsoft Visual Studio\2022\Community\VC\Tools\MSVC\14.34.31933\include\vector(935,1): message : while compiling class template member function 'void std::vector<Guest,std::allocator<Guest>>::push_back(const _Ty &)'
          with
          [
              _Ty=Guest
          ]
C:\github\Full-featured-testing-system\individual_task2\individual_task2.cpp(393,23): message : see reference to function template instantiation 'void std::vector<Guest,std::allocator<Guest>>::push_back(const _Ty &)' being compiled
          with
          [
              _Ty=Guest
          ]
C:\github\Full-featured-testing-system\individual_task2\individual_task2.cpp(325,16): message : see reference to class template instantiation 'std::vector<Guest,std::allocator<Guest>>' being compiled
